<?xml version="1.0" encoding="UTF-8"?>
<!-- Generated by org.testng.reporters.JUnitXMLReporter -->
<testsuite ignored="2" hostname="DESKTOP-28161K9" failures="0" tests="3" name="Car Loan" time="0.058" errors="0" timestamp="2024-04-26T13:29:00 IST">
  <testcase classname="testpack.ThirdTest" name="firstTest" time="0.005"/>
  <testcase classname="testpack.ThirdTest" name="secondTest" time="0.006"/>
  <testcase classname="testpack.ThirdTest" name="thirdTest" time="0.016"/>
  <testcase classname="testpack.ThirdTest" name="mobileTest" time="0.0">
    <ignored/>
  </testcase> <!-- mobileTest -->
  <testcase classname="testpack.ThirdTest" name="mobileTest2" time="0.0">
    <ignored/>
  </testcase> <!-- mobileTest2 -->
</testsuite> <!-- Car Loan -->
