<?xml version="1.0" encoding="UTF-8"?>
<!-- Generated by org.testng.reporters.JUnitXMLReporter -->
<testsuite ignored="2" hostname="DESKTOP-28161K9" failures="0" tests="3" name="Personal Loan" time="0.23" errors="0" timestamp="2024-04-26T13:28:59 IST">
  <testcase classname="testpack.FirstTest" name="firstTest" time="0.012"/>
  <testcase classname="testpack.FirstTest" name="secondTest" time="0.015"/>
  <testcase classname="testpack.SecondTest" name="firstTest" time="0.02"/>
  <testcase classname="testpack.SecondTest" name="secondTest" time="0.0">
    <ignored/>
  </testcase> <!-- secondTest -->
  <testcase classname="testpack.SecondTest" name="thirdTest" time="0.0">
    <ignored/>
  </testcase> <!-- thirdTest -->
</testsuite> <!-- Personal Loan -->
