<?xml version="1.0" encoding="UTF-8"?>
<!-- Generated by org.testng.reporters.JUnitXMLReporter -->
<testsuite ignored="3" hostname="DESKTOP-28161K9" failures="0" tests="7" name="Smoke" time="0.24" errors="0" timestamp="2024-04-26T14:28:48 IST">
  <testcase classname="testpack.FirstTest" name="secondTest" time="0.019"/>
  <testcase classname="testpack.SecondTest" name="thirdTest" time="0.005"/>
  <testcase classname="testpack.SecondTest" name="secondTest" time="0.004"/>
  <testcase classname="testpack.ThirdTest" name="mobileTest" time="0.003"/>
  <testcase classname="testpack.ThirdTest" name="mobileTest2" time="0.007"/>
  <testcase classname="testpack.ThirdTest" name="secondTest" time="0.003"/>
  <testcase classname="testpack.ThirdTest" name="thirdTest" time="0.006"/>
  <testcase classname="testpack.FirstTest" name="firstTest" time="0.0">
    <ignored/>
  </testcase> <!-- firstTest -->
  <testcase classname="testpack.SecondTest" name="firstTest" time="0.0">
    <ignored/>
  </testcase> <!-- firstTest -->
  <testcase classname="testpack.ThirdTest" name="firstTest" time="0.0">
    <ignored/>
  </testcase> <!-- firstTest -->
</testsuite> <!-- Smoke -->
