<?xml version="1.0" encoding="UTF-8"?>
<!-- Generated by org.testng.reporters.JUnitXMLReporter -->
<testsuite ignored="0" hostname="DESKTOP-28161K9" failures="0" tests="5" name="Test" time="0.195" errors="0" timestamp="2024-04-27T11:51:04 IST">
  <testcase classname="testpack.ParameterTest" name="dayaProviderImplement" time="0.013"/>
  <testcase classname="testpack.ParameterTest" name="dayaProviderImplement" time="0.003"/>
  <testcase classname="testpack.ParameterTest" name="dayaProviderImplement" time="0.004"/>
  <testcase classname="testpack.ParameterTest" name="parameterTest" time="0.005"/>
  <testcase classname="testpack.ParameterTest3" name="parameterTest" time="0.005"/>
</testsuite> <!-- Test -->
